{"name": "test_login[vijay600@isos.com-Summerr@2022]", "status": "failed", "statusDetails": {"message": "AssertionError: assert 1 == 2", "trace": "username = 'vijay600@isos.com', password = 'Summerr@2022'\n\n    @pytest.mark.usefixtures(\"log_on_failure\")\n    @pytest.mark.parametrize(\"username,password\",get_data())\n    def test_login(username,password):\n        driver.find_element(By.XPATH ,\"//*[@id=\\\"MainContent_LoginUser_txtUserName\\\"] \").send_keys(username)\n        driver.find_element(By.XPATH,\"//*[@id=\\\"MainContent_LoginUser_txtPassword\\\"]\").send_keys(password)\n        driver.find_element(By.XPATH,\"//*[@id=\\\"onetrust-accept-btn-handler\\\"]\").click()\n>       assert 1 == 2\nE       assert 1 == 2\n\ntest_webdriver_integ.py:42: AssertionError"}, "parameters": [{"name": "username", "value": "'vijay600@isos.com'"}, {"name": "password", "value": "'Summerr@2022'"}], "start": 1691287031627, "stop": 1691287032173, "uuid": "77cd988e-b9cf-442e-962d-5c066c23086d", "historyId": "5646eda881dd300863487f008901ccd7", "testCaseId": "1285348ec4c454e0a6ccfab02c3e6d8e", "fullName": "test_webdriver_integ#test_login", "labels": [{"name": "tag", "value": "@pytest.mark.usefixtures('log_on_failure')"}, {"name": "suite", "value": "test_webdriver_integ"}, {"name": "host", "value": "Anand"}, {"name": "thread", "value": "27924-MainThread"}, {"name": "framework", "value": "pytest"}, {"name": "language", "value": "cpython3"}, {"name": "package", "value": "test_webdriver_integ"}]}